<?xml version="1.0" encoding="UTF-8"?>
<testsuite xmlns:xsi="http://www.w3.org/2001/XMLSchema-instance" xsi:noNamespaceSchemaLocation="https://maven.apache.org/surefire/maven-surefire-plugin/xsd/surefire-test-report-3.0.xsd" version="3.0" name="com.solace.samples.spring.scs.ConvertFtoCProcessorTest" time="3.519" tests="1" errors="0" skipped="0" failures="0">
  <properties>
[...]
</properties>
  <testcase name="testFeaturesProcessor" classname="com.solace.samples.spring.scs.ConvertFtoCProcessorTest" time="0.735">
    <system-out><![CDATA[Standard Commons Logging discovery in action with spring-jcl: please remove commons-logging.jar from classpath in order to avoid potential conflicts
11:25:23.686 [main] INFO org.springframework.boot.devtools.restart.RestartApplicationListener -- Restart disabled due to context in which it is running

  .   ____          _            __ _ _
 /\\ / ___'_ __ _ _(_)_ __  __ _ \ \ \ \
( ( )\___ | '_ | '_| | '_ \/ _` | \ \ \ \
 \\/  ___)| |_)| | | | | || (_| |  ) ) ) )
  '  |____| .__|_| |_|_| |_\__, | / / / /
 =========|_|==============|___/=/_/_/_/
 :: Spring Boot ::                (v3.2.4)

2024-08-01 11:25:23,928  INFO main c.s.s.s.s.ConvertFtoCProcessorTest:50 - Starting ConvertFtoCProcessorTest using Java 17.0.12 with PID 11574 (started by root in /root/solace-samples-spring/cloud-stream-processor)
2024-08-01 11:25:23,930  INFO main c.s.s.s.s.ConvertFtoCProcessorTest:654 - No active profile set, falling back to 1 default profile: "default"
2024-08-01 11:25:24,786  INFO main o.s.i.c.DefaultConfiguringBeanFactoryPostProcessor:292 - No bean named 'errorChannel' has been explicitly defined. Therefore, a default PublishSubscribeChannel will be created.
2024-08-01 11:25:24,793  INFO main o.s.i.c.DefaultConfiguringBeanFactoryPostProcessor:292 - No bean named 'integrationHeaderChannelRegistry' has been explicitly defined. Therefore, a default DefaultHeaderChannelRegistry will be created.
2024-08-01 11:25:25,885  INFO main o.s.c.s.m.DirectWithAttributesChannel:174 - Channel 'application.convertFtoC-in-0' has 1 subscriber(s).
2024-08-01 11:25:25,996  INFO main o.s.b.a.e.w.EndpointLinksResolver:58 - Exposing 1 endpoint(s) beneath base path '/actuator'
2024-08-01 11:25:26,072  INFO main o.s.i.e.EventDrivenConsumer:174 - Adding {logging-channel-adapter:_org.springframework.integration.errorLogger} as a subscriber to the 'errorChannel' channel
2024-08-01 11:25:26,073  INFO main o.s.i.c.PublishSubscribeChannel:174 - Channel 'application.errorChannel' has 1 subscriber(s).
2024-08-01 11:25:26,073  INFO main o.s.i.e.EventDrivenConsumer:292 - started bean '_org.springframework.integration.errorLogger'
2024-08-01 11:25:26,078  INFO main o.s.i.c.PublishSubscribeChannel:174 - Channel 'sensor/temperature/celsius.destination' has 1 subscriber(s).
2024-08-01 11:25:26,080  INFO main o.s.c.s.m.DirectWithAttributesChannel:174 - Channel 'application.convertFtoC-out-0' has 1 subscriber(s).
2024-08-01 11:25:26,087  INFO main o.s.c.s.b.BinderErrorChannel:174 - Channel '1030191317.convertFtoC-in-0.errors' has 1 subscriber(s).
2024-08-01 11:25:26,088  INFO main o.s.c.s.b.BinderErrorChannel:174 - Channel '1030191317.convertFtoC-in-0.errors' has 2 subscriber(s).
2024-08-01 11:25:26,091  INFO main o.s.i.c.PublishSubscribeChannel:174 - Channel 'TEMPS.Q.destination' has 1 subscriber(s).
2024-08-01 11:25:26,092  INFO main o.s.c.s.b.t.TestChannelBinder$IntegrationBinderInboundChannelAdapter:292 - started org.springframework.cloud.stream.binder.test.TestChannelBinder$IntegrationBinderInboundChannelAdapter@16cf7fd0
2024-08-01 11:25:26,109  INFO main c.s.s.s.s.ConvertFtoCProcessorTest:56 - Started ConvertFtoCProcessorTest in 2.432 seconds (process running for 3.14)
2024-08-01 11:25:26,837  INFO main c.s.s.s.s.ConvertFtoCProcessor:44 - Received: SensorReading [ 2024-08-01 11:25:26.815 test 70.0 FAHRENHEIT ]
2024-08-01 11:25:26,838  INFO main c.s.s.s.s.ConvertFtoCProcessor:50 - Sending: SensorReading [ 2024-08-01 11:25:26.815 test 21.1 CELSIUS ]
2024-08-01 11:25:26,881  WARN main o.s.c.s.b.t.OutputDestination:119 - !!!While 'receive(long timeout, int bindingIndex)' method may still work it is deprecated no longer supported. It will be removed after 3.1.3 release. Please use 'receive(long timeout, String bindingName)'
]]></system-out>
  </testcase>
</testsuite>