<?xml version="1.0" encoding="UTF-8"?>
<testsuite xmlns:xsi="http://www.w3.org/2001/XMLSchema-instance" xsi:noNamespaceSchemaLocation="https://maven.apache.org/surefire/maven-surefire-plugin/xsd/surefire-test-report-3.0.xsd" version="3.0" name="com.solace.samples.spring.scs.TemperatureSinkTest" time="3.028" tests="1" errors="0" skipped="0" failures="0">
  <properties>
[...]
</properties>
  <testcase name="testSink" classname="com.solace.samples.spring.scs.TemperatureSinkTest" time="0.613">
    <system-out><![CDATA[Standard Commons Logging discovery in action with spring-jcl: please remove commons-logging.jar from classpath in order to avoid potential conflicts
11:26:14.731 [main] INFO org.springframework.test.context.support.AnnotationConfigContextLoaderUtils -- Could not detect default configuration classes for test class [com.solace.samples.spring.scs.TemperatureSinkTest]: TemperatureSinkTest does not declare any static, non-private, non-final, nested classes annotated with @Configuration.
11:26:14.809 [main] INFO org.springframework.boot.test.context.SpringBootTestContextBootstrapper -- Found @SpringBootConfiguration com.solace.samples.spring.scs.TemperatureSink for test class com.solace.samples.spring.scs.TemperatureSinkTest
11:26:14.932 [main] INFO org.springframework.boot.devtools.restart.RestartApplicationListener -- Restart disabled due to context in which it is running

  .   ____          _            __ _ _
 /\\ / ___'_ __ _ _(_)_ __  __ _ \ \ \ \
( ( )\___ | '_ | '_| | '_ \/ _` | \ \ \ \
 \\/  ___)| |_)| | | | | || (_| |  ) ) ) )
  '  |____| .__|_| |_|_| |_\__, | / / / /
 =========|_|==============|___/=/_/_/_/
 :: Spring Boot ::                (v3.2.4)

2024-08-01 11:26:15,177  INFO main c.s.s.s.s.TemperatureSinkTest:50 - Starting TemperatureSinkTest using Java 17.0.12 with PID 11695 (started by root in /root/solace-samples-spring/cloud-stream-sink)
2024-08-01 11:26:15,179  INFO main c.s.s.s.s.TemperatureSinkTest:654 - No active profile set, falling back to 1 default profile: "default"
2024-08-01 11:26:15,852  INFO main o.s.i.c.DefaultConfiguringBeanFactoryPostProcessor:292 - No bean named 'errorChannel' has been explicitly defined. Therefore, a default PublishSubscribeChannel will be created.
2024-08-01 11:26:15,859  INFO main o.s.i.c.DefaultConfiguringBeanFactoryPostProcessor:292 - No bean named 'integrationHeaderChannelRegistry' has been explicitly defined. Therefore, a default DefaultHeaderChannelRegistry will be created.
2024-08-01 11:26:16,426  INFO main o.s.c.s.m.DirectWithAttributesChannel:174 - Channel 'application.sink-in-0' has 1 subscriber(s).
2024-08-01 11:26:16,676  INFO main o.s.i.e.EventDrivenConsumer:174 - Adding {logging-channel-adapter:_org.springframework.integration.errorLogger} as a subscriber to the 'errorChannel' channel
2024-08-01 11:26:16,676  INFO main o.s.i.c.PublishSubscribeChannel:174 - Channel 'application.errorChannel' has 1 subscriber(s).
2024-08-01 11:26:16,677  INFO main o.s.i.e.EventDrivenConsumer:292 - started bean '_org.springframework.integration.errorLogger'
2024-08-01 11:26:16,678  INFO main o.s.c.s.b.DefaultBinderFactory:329 - Creating binder: local-solace
2024-08-01 11:26:16,678  INFO main o.s.c.s.b.DefaultBinderFactory:345 - Constructing binder child context for local-solace
2024-08-01 11:26:16,820  INFO main c.s.s.c.s.b.c.SolaceMessageChannelBinderConfiguration:65 - Connecting JCSMP session JCSMPSession
2024-08-01 11:26:16,841  INFO main c.s.j.p.i.TcpClientChannel:63 - Client-1: Connecting to host 'orig=tcp://localhost:55557, scheme=tcp://, host=localhost, port=55557' (host 1 of 1, smfclient 1, attempt 1 of 1, this_host_attempt: 1 of 21)
2024-08-01 11:26:16,859  INFO main c.s.j.i.JCSMPBasicSession:63 - Client-1: AdCtrl version changes: 2->4
2024-08-01 11:26:16,862  INFO main c.s.j.p.i.TcpClientChannel:63 - Client-1: Connected to host 'orig=tcp://localhost:55557, scheme=tcp://, host=localhost, port=55557' (smfclient 1)
2024-08-01 11:26:16,891  INFO main o.s.c.s.b.DefaultBinderFactory:377 - Caching the binder: local-solace
2024-08-01 11:26:16,900  INFO main c.s.s.c.s.b.p.SolaceQueueProvisioner:124 - Creating durable queue scst/wk/SINK/plain/TEMPS.Q for consumer group SINK
2024-08-01 11:26:16,906  INFO main c.s.j.i.SessionModeSupport:63 - Client-1: (Client name: philip-virtual-machine/11695/00160001/IC-BN2c5IO   Local addr: 127.0.0.1 Local port: 32886   Remote addr: localhost  Remote port: 55557) - Error Response (400) - Already Exists
2024-08-01 11:26:16,907  INFO main c.s.s.c.s.b.p.SolaceQueueProvisioner:180 - Testing consumer flow connection to queue scst/wk/SINK/plain/TEMPS.Q (will not start it)
2024-08-01 11:26:16,919  INFO main c.s.s.c.s.b.p.SolaceQueueProvisioner:183 - Connected test consumer flow to queue scst/wk/SINK/plain/TEMPS.Q, closing it
2024-08-01 11:26:16,926  INFO main o.s.c.s.b.BinderErrorChannel:174 - Channel 'solace-961525558.sink-in-0.errors' has 1 subscriber(s).
2024-08-01 11:26:16,927  INFO main o.s.c.s.b.BinderErrorChannel:174 - Channel 'solace-961525558.sink-in-0.errors' has 2 subscriber(s).
2024-08-01 11:26:16,930  INFO main c.s.s.c.s.b.i.JCSMPInboundChannelAdapter:84 - Creating 5 consumer flows for queue scst/wk/SINK/plain/TEMPS.Q <inbound adapter 7bb0882b-cd42-412b-ad04-f3caeeabb7b0>
2024-08-01 11:26:16,931  INFO main c.s.s.c.s.b.i.JCSMPInboundChannelAdapter:115 - Creating consumer 1 of 5 for inbound adapter 7bb0882b-cd42-412b-ad04-f3caeeabb7b0
2024-08-01 11:26:16,952  INFO main c.s.s.c.s.b.i.JCSMPInboundChannelAdapter:115 - Creating consumer 2 of 5 for inbound adapter 7bb0882b-cd42-412b-ad04-f3caeeabb7b0
2024-08-01 11:26:16,953  INFO main c.s.s.c.s.b.i.JCSMPInboundChannelAdapter:115 - Creating consumer 3 of 5 for inbound adapter 7bb0882b-cd42-412b-ad04-f3caeeabb7b0
2024-08-01 11:26:16,953  INFO main c.s.s.c.s.b.i.JCSMPInboundChannelAdapter:115 - Creating consumer 4 of 5 for inbound adapter 7bb0882b-cd42-412b-ad04-f3caeeabb7b0
2024-08-01 11:26:16,954  INFO main c.s.s.c.s.b.i.JCSMPInboundChannelAdapter:115 - Creating consumer 5 of 5 for inbound adapter 7bb0882b-cd42-412b-ad04-f3caeeabb7b0
2024-08-01 11:26:16,956  INFO main c.s.s.c.s.b.u.FlowReceiverContainer:67 - Binding flow receiver container 054d7db8-42d7-483c-8e0b-50149976fe06
2024-08-01 11:26:16,956  INFO main c.s.s.c.s.b.u.FlowReceiverContainer:74 - Flow receiver container 054d7db8-42d7-483c-8e0b-50149976fe06 started in state 'Running'
2024-08-01 11:26:16,962  INFO main c.s.s.c.s.b.u.FlowReceiverContainer:67 - Binding flow receiver container cc49891e-c79a-4956-8215-4e34255635a3
2024-08-01 11:26:16,962  INFO main c.s.s.c.s.b.u.FlowReceiverContainer:74 - Flow receiver container cc49891e-c79a-4956-8215-4e34255635a3 started in state 'Running'
2024-08-01 11:26:16,965  INFO main c.s.s.c.s.b.u.FlowReceiverContainer:67 - Binding flow receiver container f38031a3-6d94-427a-b5e5-20c3f2d776d4
2024-08-01 11:26:16,966  INFO main c.s.s.c.s.b.u.FlowReceiverContainer:74 - Flow receiver container f38031a3-6d94-427a-b5e5-20c3f2d776d4 started in state 'Running'
2024-08-01 11:26:16,969  INFO main c.s.s.c.s.b.u.FlowReceiverContainer:67 - Binding flow receiver container 9e061e3c-6db7-49a8-af2a-0ea2daab8d7d
2024-08-01 11:26:16,969  INFO main c.s.s.c.s.b.u.FlowReceiverContainer:74 - Flow receiver container 9e061e3c-6db7-49a8-af2a-0ea2daab8d7d started in state 'Running'
2024-08-01 11:26:16,972  INFO main c.s.s.c.s.b.u.FlowReceiverContainer:67 - Binding flow receiver container ae81555d-c6ea-4546-9007-966b90186ce7
2024-08-01 11:26:16,973  INFO main c.s.s.c.s.b.u.FlowReceiverContainer:74 - Flow receiver container ae81555d-c6ea-4546-9007-966b90186ce7 started in state 'Running'
2024-08-01 11:26:16,979  INFO main c.s.s.c.s.b.p.SolaceQueueProvisioner:228 - Subscribing queue scst/wk/SINK/plain/TEMPS.Q to topic TEMPS.Q
2024-08-01 11:26:16,982  INFO main c.s.s.c.s.b.p.SolaceQueueProvisioner:235 - Queue scst/wk/SINK/plain/TEMPS.Q is already subscribed to topic TEMPS.Q, SUBSCRIPTION_ALREADY_PRESENT error will be ignored...
2024-08-01 11:26:16,983  INFO main c.s.s.c.s.b.p.SolaceQueueProvisioner:228 - Subscribing queue scst/wk/SINK/plain/TEMPS.Q to topic sensor/temperature/>
2024-08-01 11:26:16,985  INFO main c.s.s.c.s.b.p.SolaceQueueProvisioner:235 - Queue scst/wk/SINK/plain/TEMPS.Q is already subscribed to topic sensor/temperature/>, SUBSCRIPTION_ALREADY_PRESENT error will be ignored...
2024-08-01 11:26:16,985  INFO main c.s.s.c.s.b.i.JCSMPInboundChannelAdapter:292 - started com.solace.spring.cloud.stream.binder.inbound.JCSMPInboundChannelAdapter@5b322873
2024-08-01 11:26:16,997  INFO main c.s.s.s.s.TemperatureSinkTest:56 - Started TemperatureSinkTest in 2.075 seconds (process running for 2.818)
SensorReading [ 2024-08-01 11:26:17.591 test 50.0 FAHRENHEIT ]
]]></system-out>
  </testcase>
</testsuite>